<?xml version='1.0' encoding='UTF-8'?>
<testsuite hostname="xiabin-virtual-machine" name="aluTest" tests="1" errors="0" failures="1" skipped="0" time="3.295" timestamp="2022-07-30T16:32:39">
          <properties>
      <property name="awt.toolkit" value="sun.awt.X11.XToolkit"/><property name="java.specification.version" value="11"/><property name="sun.cpu.isalist" value=""/><property name="sun.jnu.encoding" value="UTF-8"/><property name="sun.arch.data.model" value="64"/><property name="java.vendor.url" value="https://ubuntu.com/"/><property name="sun.boot.library.path" value="/usr/lib/jvm/java-11-openjdk-amd64/lib"/><property name="sun.java.command" value="/home/xiabin/.cache/sbt/boot/sbt-launch/1.7.1/sbt-launch-1.7.1.jar test"/><property name="jdk.debug" value="release"/><property name="java.specification.vendor" value="Oracle Corporation"/><property name="java.version.date" value="2022-02-08"/><property name="java.home" value="/usr/lib/jvm/java-11-openjdk-amd64"/><property name="file.separator" value="/"/><property name="java.vm.compressedOopsMode" value="32-bit"/><property name="line.separator" value="
"/><property name="java.specification.name" value="Java Platform API Specification"/><property name="java.vm.specification.vendor" value="Oracle Corporation"/><property name="sun.management.compiler" value="HotSpot 64-Bit Tiered Compilers"/><property name="java.runtime.version" value="11.0.14.1+1-Ubuntu-0ubuntu1"/><property name="user.name" value="xiabin"/><property name="log4j.ignoreTCL" value="true"/><property name="file.encoding" value="UTF-8"/><property name="jnidispatch.path" value="/home/xiabin/.cache/JNA/temp/jna8267456865799278078.tmp"/><property name="jna.loaded" value="true"/><property name="java.io.tmpdir" value="/tmp"/><property name="java.version" value="11.0.14.1"/><property name="java.vm.specification.name" value="Java Virtual Machine Specification"/><property name="java.awt.printerjob" value="sun.print.PSPrinterJob"/><property name="sun.os.patch.level" value="unknown"/><property name="java.library.path" value="/usr/java/packages/lib:/usr/lib/x86_64-linux-gnu/jni:/lib/x86_64-linux-gnu:/usr/lib/x86_64-linux-gnu:/usr/lib/jni:/lib:/usr/lib"/><property name="java.vendor" value="Ubuntu"/><property name="scala.ext.dirs" value="/home/xiabin/.sbt/1.0/java9-rt-ext-ubuntu_11_0_14_1"/><property name="sun.io.unicode.encoding" value="UnicodeLittle"/><property name="java.class.path" value="/home/xiabin/.cache/sbt/boot/sbt-launch/1.7.1/sbt-launch-1.7.1.jar"/><property name="java.vm.vendor" value="Ubuntu"/><property name="jline.shutdownhook" value="false"/><property name="user.timezone" value="Asia/Shanghai"/><property name="os.name" value="Linux"/><property name="java.vm.specification.version" value="11"/><property name="sun.java.launcher" value="SUN_STANDARD"/><property name="user.country" value="US"/><property name="sun.cpu.endian" value="little"/><property name="user.home" value="/home/xiabin"/><property name="user.language" value="en"/><property name="sbt.script" value="/usr/bin/sbt"/><property name="sbt.ipcsocket.tmpdir" value="/run/user/1000/.sbt/ipcsocket"/><property name="swoval.tmpdir" value="/run/user/1000/.sbt/swoval"/><property name="java.awt.graphicsenv" value="sun.awt.X11GraphicsEnvironment"/><property name="jline.esc.timeout" value="0"/><property name="path.separator" value=":"/><property name="os.version" value="5.15.0-39-generic"/><property name="jna.nosys" value="true"/><property name="java.runtime.name" value="OpenJDK Runtime Environment"/><property name="java.vm.name" value="OpenJDK 64-Bit Server VM"/><property name="jna.platform.library.path" value="/usr/lib/x86_64-linux-gnu:/lib/x86_64-linux-gnu:/usr/lib64:/lib64:/usr/lib:/lib:/usr/lib/x86_64-linux-gnu/libfakeroot"/><property name="java.vendor.url.bug" value="https://bugs.launchpad.net/ubuntu/+source/openjdk-lts"/><property name="user.dir" value="/home/xiabin/workstation/CPU-Core/RV-Core"/><property name="os.arch" value="amd64"/><property name="java.vm.info" value="mixed mode, sharing"/><property name="java.vm.version" value="11.0.14.1+1-Ubuntu-0ubuntu1"/><property name="java.class.version" value="55.0"/>
    </properties>
          <testcase classname="aluTest" name="alu should pass" time="3.295">
                      <failure message="io_aluOP=0 (0x0) did not equal expected=11 (0xb) (lines in aluTest.scala: 9)" type="org.scalatest.exceptions.TestFailedException">org.scalatest.exceptions.TestFailedException: io_aluOP=0 (0x0) did not equal expected=11 (0xb) (lines in aluTest.scala: 9)
	at chiseltest.internal.TestEnvInterface.testerExpect(TestEnvInterface.scala:90)
	at chiseltest.internal.TestEnvInterface.testerExpect$(TestEnvInterface.scala:53)
	at aluTest.testerExpect(aluTest.scala:6)
	at chiseltest.internal.GenericBackend.expectBits(GenericBackend.scala:94)
	at chiseltest.package$testableData.expectWithStale(package.scala:216)
	at chiseltest.package$testableData.expect(package.scala:248)
	at aluTest.$anonfun$new$3(aluTest.scala:14)
	at aluTest.$anonfun$new$3$adapted(aluTest.scala:9)
	at chiseltest.internal.GenericBackend.$anonfun$run$1(GenericBackend.scala:166)
	at chiseltest.internal.ThreadedBackend$TesterThread$$anon$1.$anonfun$run$1(ThreadedBackend.scala:495)
	at chiseltest.internal.GenericBackend.doTimescope(GenericBackend.scala:111)
	at chiseltest.internal.ThreadedBackend$TesterThread$$anon$1.run(ThreadedBackend.scala:495)
	at java.base/java.lang.Thread.run(Thread.java:829)
Caused by: chiseltest.internal.FailedExpectException: io_aluOP=0 (0x0) did not equal expected=11 (0xb) (lines in aluTest.scala: 9)
	... 13 more
</failure>
                    </testcase>
          <system-out><![CDATA[]]></system-out>
          <system-err><![CDATA[]]></system-err>
        </testsuite>